  [1m[35m (49.4ms)[0m  [1m[35mCREATE TABLE "schema_migrations" ("version" varchar NOT NULL PRIMARY KEY)[0m
  [1m[35m (11.9ms)[0m  [1m[35mCREATE TABLE "ar_internal_metadata" ("key" varchar NOT NULL PRIMARY KEY, "value" varchar, "created_at" datetime(6) NOT NULL, "updated_at" datetime(6) NOT NULL)[0m
  [1m[36mActiveRecord::SchemaMigration Pluck (0.1ms)[0m  [1m[34mSELECT "schema_migrations"."version" FROM "schema_migrations" ORDER BY "schema_migrations"."version" ASC[0m
Migrating to CreateActiveStorageTables (20230819195113)
  [1m[36mTRANSACTION (0.1ms)[0m  [1m[36mbegin transaction[0m
  [1m[35m (0.4ms)[0m  [1m[35mCREATE TABLE "active_storage_blobs" ("id" integer PRIMARY KEY AUTOINCREMENT NOT NULL, "key" varchar NOT NULL, "filename" varchar NOT NULL, "content_type" varchar, "metadata" text, "service_name" varchar NOT NULL, "byte_size" bigint NOT NULL, "checksum" varchar, "created_at" datetime(6) NOT NULL)[0m
  [1m[35m (0.2ms)[0m  [1m[35mCREATE UNIQUE INDEX "index_active_storage_blobs_on_key" ON "active_storage_blobs" ("key")[0m
  [1m[35m (0.3ms)[0m  [1m[35mCREATE TABLE "active_storage_attachments" ("id" integer PRIMARY KEY AUTOINCREMENT NOT NULL, "name" varchar NOT NULL, "record_type" varchar NOT NULL, "record_id" bigint NOT NULL, "blob_id" bigint NOT NULL, "created_at" datetime(6) NOT NULL, CONSTRAINT "fk_rails_c3b3935057"
FOREIGN KEY ("blob_id")
  REFERENCES "active_storage_blobs" ("id")
)[0m
  [1m[35m (0.2ms)[0m  [1m[35mCREATE INDEX "index_active_storage_attachments_on_blob_id" ON "active_storage_attachments" ("blob_id")[0m
  [1m[35m (0.3ms)[0m  [1m[35mCREATE UNIQUE INDEX "index_active_storage_attachments_uniqueness" ON "active_storage_attachments" ("record_type", "record_id", "name", "blob_id")[0m
  [1m[35m (0.6ms)[0m  [1m[35mCREATE TABLE "active_storage_variant_records" ("id" integer PRIMARY KEY AUTOINCREMENT NOT NULL, "blob_id" bigint NOT NULL, "variation_digest" varchar NOT NULL, CONSTRAINT "fk_rails_993965df05"
FOREIGN KEY ("blob_id")
  REFERENCES "active_storage_blobs" ("id")
)[0m
  [1m[35m (0.2ms)[0m  [1m[35mCREATE UNIQUE INDEX "index_active_storage_variant_records_uniqueness" ON "active_storage_variant_records" ("blob_id", "variation_digest")[0m
  [1m[36mActiveRecord::SchemaMigration Create (0.2ms)[0m  [1m[32mINSERT INTO "schema_migrations" ("version") VALUES (?)[0m  [["version", "20230819195113"]]
  [1m[36mTRANSACTION (20.8ms)[0m  [1m[36mcommit transaction[0m
  [1m[36mActiveRecord::InternalMetadata Load (0.3ms)[0m  [1m[34mSELECT "ar_internal_metadata".* FROM "ar_internal_metadata" WHERE "ar_internal_metadata"."key" = ? LIMIT ?[0m  [["key", "environment"], ["LIMIT", 1]]
  [1m[36mTRANSACTION (0.1ms)[0m  [1m[36mbegin transaction[0m
  [1m[36mActiveRecord::InternalMetadata Create (0.3ms)[0m  [1m[32mINSERT INTO "ar_internal_metadata" ("key", "value", "created_at", "updated_at") VALUES (?, ?, ?, ?)[0m  [["key", "environment"], ["value", "development"], ["created_at", "2023-08-19 19:51:14.855121"], ["updated_at", "2023-08-19 19:51:14.855121"]]
  [1m[36mTRANSACTION (13.1ms)[0m  [1m[36mcommit transaction[0m
  [1m[36mActiveRecord::SchemaMigration Pluck (0.2ms)[0m  [1m[34mSELECT "schema_migrations"."version" FROM "schema_migrations" ORDER BY "schema_migrations"."version" ASC[0m
  [1m[36mActiveRecord::SchemaMigration Pluck (0.1ms)[0m  [1m[34mSELECT "schema_migrations"."version" FROM "schema_migrations" ORDER BY "schema_migrations"."version" ASC[0m
  [1m[36mActiveRecord::InternalMetadata Load (0.1ms)[0m  [1m[34mSELECT "ar_internal_metadata".* FROM "ar_internal_metadata" WHERE "ar_internal_metadata"."key" = ? LIMIT ?[0m  [["key", "environment"], ["LIMIT", 1]]
  [1m[36mActiveRecord::SchemaMigration Pluck (0.1ms)[0m  [1m[34mSELECT "schema_migrations"."version" FROM "schema_migrations" ORDER BY "schema_migrations"."version" ASC[0m
Started POST "/customers" for 127.0.0.1 at 2023-08-19 23:53:01 +0300
  [1m[36mActiveRecord::SchemaMigration Pluck (0.3ms)[0m  [1m[34mSELECT "schema_migrations"."version" FROM "schema_migrations" ORDER BY "schema_migrations"."version" ASC[0m
  [1m[36mCACHE ActiveRecord::SchemaMigration Pluck (0.0ms)[0m  [1m[34mSELECT "schema_migrations"."version" FROM "schema_migrations" ORDER BY "schema_migrations"."version" ASC[0m
  
ActiveRecord::PendingMigrationError (

Migrations are pending. To resolve this issue, run:

        bin/rails db:migrate RAILS_ENV=development

You have 1 pending migration:

20230819200133_create_customers.rb


):
  
activerecord (7.0.7) lib/active_record/migration.rb:627:in `check_pending!'
activerecord (7.0.7) lib/active_record/migration.rb:592:in `block (2 levels) in call'
activesupport (7.0.7) lib/active_support/file_update_checker.rb:83:in `execute'
activerecord (7.0.7) lib/active_record/migration.rb:597:in `block in call'
activerecord (7.0.7) lib/active_record/migration.rb:589:in `synchronize'
activerecord (7.0.7) lib/active_record/migration.rb:589:in `call'
actionpack (7.0.7) lib/action_dispatch/middleware/callbacks.rb:27:in `block in call'
activesupport (7.0.7) lib/active_support/callbacks.rb:99:in `run_callbacks'
actionpack (7.0.7) lib/action_dispatch/middleware/callbacks.rb:26:in `call'
actionpack (7.0.7) lib/action_dispatch/middleware/executor.rb:14:in `call'
actionpack (7.0.7) lib/action_dispatch/middleware/actionable_exceptions.rb:17:in `call'
actionpack (7.0.7) lib/action_dispatch/middleware/debug_exceptions.rb:28:in `call'
actionpack (7.0.7) lib/action_dispatch/middleware/show_exceptions.rb:29:in `call'
railties (7.0.7) lib/rails/rack/logger.rb:40:in `call_app'
railties (7.0.7) lib/rails/rack/logger.rb:25:in `block in call'
activesupport (7.0.7) lib/active_support/tagged_logging.rb:99:in `block in tagged'
activesupport (7.0.7) lib/active_support/tagged_logging.rb:37:in `tagged'
activesupport (7.0.7) lib/active_support/tagged_logging.rb:99:in `tagged'
railties (7.0.7) lib/rails/rack/logger.rb:25:in `call'
actionpack (7.0.7) lib/action_dispatch/middleware/remote_ip.rb:93:in `call'
actionpack (7.0.7) lib/action_dispatch/middleware/request_id.rb:26:in `call'
rack (2.2.8) lib/rack/runtime.rb:22:in `call'
activesupport (7.0.7) lib/active_support/cache/strategy/local_cache_middleware.rb:29:in `call'
actionpack (7.0.7) lib/action_dispatch/middleware/server_timing.rb:61:in `block in call'
actionpack (7.0.7) lib/action_dispatch/middleware/server_timing.rb:26:in `collect_events'
actionpack (7.0.7) lib/action_dispatch/middleware/server_timing.rb:60:in `call'
actionpack (7.0.7) lib/action_dispatch/middleware/executor.rb:14:in `call'
actionpack (7.0.7) lib/action_dispatch/middleware/static.rb:23:in `call'
rack (2.2.8) lib/rack/sendfile.rb:110:in `call'
actionpack (7.0.7) lib/action_dispatch/middleware/host_authorization.rb:137:in `call'
railties (7.0.7) lib/rails/engine.rb:530:in `call'
puma (5.6.7) lib/puma/configuration.rb:252:in `call'
puma (5.6.7) lib/puma/request.rb:77:in `block in handle_request'
puma (5.6.7) lib/puma/thread_pool.rb:340:in `with_force_shutdown'
puma (5.6.7) lib/puma/request.rb:76:in `handle_request'
puma (5.6.7) lib/puma/server.rb:443:in `process_client'
puma (5.6.7) lib/puma/thread_pool.rb:147:in `block in spawn_thread'
Error occurred while parsing request parameters.
Contents:

{
  "username": "Ian Kamau", 
  "email": "kian99564@gmail.com",
  "phone_number": 0704412004,
  "password": "ianoz",
  "password_confirmation":"ianoz" 
}
  [1m[36mActiveRecord::SchemaMigration Pluck (0.2ms)[0m  [1m[34mSELECT "schema_migrations"."version" FROM "schema_migrations" ORDER BY "schema_migrations"."version" ASC[0m
Migrating to CreateCustomers (20230819200133)
  [1m[36mTRANSACTION (0.1ms)[0m  [1m[36mbegin transaction[0m
  [1m[35m (0.4ms)[0m  [1m[35mCREATE TABLE "customers" ("id" integer PRIMARY KEY AUTOINCREMENT NOT NULL, "username" varchar, "email" varchar, "phone_number" integer, "password_digest" varchar, "created_at" datetime(6) NOT NULL, "updated_at" datetime(6) NOT NULL)[0m
  [1m[36mActiveRecord::SchemaMigration Create (0.3ms)[0m  [1m[32mINSERT INTO "schema_migrations" ("version") VALUES (?)[0m  [["version", "20230819200133"]]
  [1m[36mTRANSACTION (16.4ms)[0m  [1m[36mcommit transaction[0m
  [1m[36mActiveRecord::InternalMetadata Load (0.1ms)[0m  [1m[34mSELECT "ar_internal_metadata".* FROM "ar_internal_metadata" WHERE "ar_internal_metadata"."key" = ? LIMIT ?[0m  [["key", "environment"], ["LIMIT", 1]]
  [1m[36mActiveRecord::SchemaMigration Pluck (0.1ms)[0m  [1m[34mSELECT "schema_migrations"."version" FROM "schema_migrations" ORDER BY "schema_migrations"."version" ASC[0m
Started POST "/customers" for 127.0.0.1 at 2023-08-19 23:53:36 +0300
  [1m[36mActiveRecord::SchemaMigration Pluck (0.2ms)[0m  [1m[34mSELECT "schema_migrations"."version" FROM "schema_migrations" ORDER BY "schema_migrations"."version" ASC[0m
  
SyntaxError (/home/mose/Videos/videos/Mill Auto/mill-autos-backend/app/controllers/application_controller.rb:25: syntax error, unexpected '{', expecting ')'
...(token, ENV["JWT_PASS"], true {algorithm: "HS256"})
...                              ^
/home/mose/Videos/videos/Mill Auto/mill-autos-backend/app/controllers/application_controller.rb:25: syntax error, unexpected '}', expecting `end'
...SS"], true {algorithm: "HS256"})
...                              ^
/home/mose/Videos/videos/Mill Auto/mill-autos-backend/app/controllers/application_controller.rb:41: syntax error, unexpected `rescue', expecting `end'
        rescue JWT::ExpiredSignature
        ^~~~~~
/home/mose/Videos/videos/Mill Auto/mill-autos-backend/app/controllers/application_controller.rb:43: syntax error, unexpected `rescue', expecting `end'
        rescue JWT::DecodeError, JWT::Verif...
        ^~~~~~
/home/mose/Videos/videos/Mill Auto/mill-autos-backend/app/controllers/application_controller.rb:43: dynamic constant assignment
        rescue JWT::DecodeError, JWT::VerificationError
               ^~~~~~~~~~~~~~~~
/home/mose/Videos/videos/Mill Auto/mill-autos-backend/app/controllers/application_controller.rb:43: dynamic constant assignment
...deError, JWT::VerificationError
...         ^~~~~~~~~~~~~~~~~~~~~~
/home/mose/Videos/videos/Mill Auto/mill-autos-backend/app/controllers/application_controller.rb:43: syntax error, unexpected '\n', expecting '='
/home/mose/Videos/videos/Mill Auto/mill-autos-backend/app/controllers/application_controller.rb:47: syntax error, unexpected end-of-input, expecting `end'):
  
app/controllers/application_controller.rb:25: syntax error, unexpected '{', expecting ')'
app/controllers/application_controller.rb:25: syntax error, unexpected '}', expecting `end'
app/controllers/application_controller.rb:41: syntax error, unexpected `rescue', expecting `end'
app/controllers/application_controller.rb:43: syntax error, unexpected `rescue', expecting `end'
app/controllers/application_controller.rb:43: dynamic constant assignment
app/controllers/application_controller.rb:43: dynamic constant assignment
app/controllers/application_controller.rb:43: syntax error, unexpected '\n', expecting '='
app/controllers/application_controller.rb:47: syntax error, unexpected end-of-input, expecting `end'
app/controllers/application_controller.rb:25: syntax error, unexpected '{', expecting ')'
app/controllers/application_controller.rb:25: syntax error, unexpected '}', expecting `end'
app/controllers/application_controller.rb:41: syntax error, unexpected `rescue', expecting `end'
app/controllers/application_controller.rb:43: syntax error, unexpected `rescue', expecting `end'
app/controllers/application_controller.rb:43: dynamic constant assignment
app/controllers/application_controller.rb:43: dynamic constant assignment
app/controllers/application_controller.rb:43: syntax error, unexpected '\n', expecting '='
app/controllers/application_controller.rb:47: syntax error, unexpected end-of-input, expecting `end'
app/controllers/customers_controller.rb:1:in `<main>'
Error occurred while parsing request parameters.
Contents:

{
  "username": "Ian Kamau", 
  "email": "kian99564@gmail.com",
  "phone_number": 0704412004,
  "password": "ianoz",
  "password_confirmation":"ianoz" 
}
Started POST "/customers" for 127.0.0.1 at 2023-08-19 23:53:59 +0300
  [1m[36mActiveRecord::SchemaMigration Pluck (0.1ms)[0m  [1m[34mSELECT "schema_migrations"."version" FROM "schema_migrations" ORDER BY "schema_migrations"."version" ASC[0m
  
SyntaxError (/home/mose/Videos/videos/Mill Auto/mill-autos-backend/app/controllers/application_controller.rb:25: syntax error, unexpected '{', expecting ')'
...(token, ENV["JWT_PASS"], true {algorithm: "HS256"})
...                              ^
/home/mose/Videos/videos/Mill Auto/mill-autos-backend/app/controllers/application_controller.rb:25: syntax error, unexpected '}', expecting `end'
...SS"], true {algorithm: "HS256"})
...                              ^
/home/mose/Videos/videos/Mill Auto/mill-autos-backend/app/controllers/application_controller.rb:47: syntax error, unexpected end-of-input, expecting `end'):
  
app/controllers/application_controller.rb:25: syntax error, unexpected '{', expecting ')'
app/controllers/application_controller.rb:25: syntax error, unexpected '}', expecting `end'
app/controllers/application_controller.rb:47: syntax error, unexpected end-of-input, expecting `end'
app/controllers/application_controller.rb:25: syntax error, unexpected '{', expecting ')'
app/controllers/application_controller.rb:25: syntax error, unexpected '}', expecting `end'
app/controllers/application_controller.rb:47: syntax error, unexpected end-of-input, expecting `end'
app/controllers/customers_controller.rb:1:in `<main>'
Error occurred while parsing request parameters.
Contents:

{
  "username": "Ian Kamau", 
  "email": "kian99564@gmail.com",
  "phone_number": 0704412004,
  "password": "ianoz",
  "password_confirmation":"ianoz" 
}
Started POST "/customers" for 127.0.0.1 at 2023-08-19 23:55:37 +0300
  [1m[36mActiveRecord::SchemaMigration Pluck (0.2ms)[0m  [1m[34mSELECT "schema_migrations"."version" FROM "schema_migrations" ORDER BY "schema_migrations"."version" ASC[0m
Error occurred while parsing request parameters.
Contents:

{
  "username": "Ian Kamau", 
  "email": "kian99564@gmail.com",
  "phone_number": 0704412004,
  "password": "ianoz",
  "password_confirmation":"ianoz" 
}
Processing by CustomersController#create as */*
Completed 400 Bad Request in 24ms (ActiveRecord: 0.0ms | Allocations: 21318)


  
ActionDispatch::Http::Parameters::ParseError (Error occurred while parsing request parameters):
  
app/controllers/customers_controller.rb:15:in `user_params'
app/controllers/customers_controller.rb:4:in `create'
Started POST "/customer/register" for 127.0.0.1 at 2023-08-20 00:00:21 +0300
  [1m[36mActiveRecord::SchemaMigration Pluck (0.2ms)[0m  [1m[34mSELECT "schema_migrations"."version" FROM "schema_migrations" ORDER BY "schema_migrations"."version" ASC[0m
Error occurred while parsing request parameters.
Contents:

{
  "username": "Ian Kamau", 
  "email": "kian99564@gmail.com",
  "phone_number": 0704412004,
  "password": "ianoz",
  "password_confirmation":"ianoz" 
}
Processing by CustomersController#register as */*
Completed 400 Bad Request in 17ms (ActiveRecord: 0.0ms | Allocations: 20022)


  
ActionDispatch::Http::Parameters::ParseError (Error occurred while parsing request parameters):
  
app/controllers/customers_controller.rb:15:in `user_params'
app/controllers/customers_controller.rb:4:in `register'
Started POST "/customer/register" for 127.0.0.1 at 2023-08-20 00:01:27 +0300
  [1m[36mActiveRecord::SchemaMigration Pluck (0.2ms)[0m  [1m[34mSELECT "schema_migrations"."version" FROM "schema_migrations" ORDER BY "schema_migrations"."version" ASC[0m
Error occurred while parsing request parameters.
Contents:

{
  "username": "Ian Kamau", 
  "email": "kian99564@gmail.com",
  "phone_number": 0704412004,
  "password": "ianoz",
  "password_confirmation":"ianoz" 
}
Processing by CustomersController#register as */*
Completed 400 Bad Request in 13ms (ActiveRecord: 0.0ms | Allocations: 20022)


  
ActionDispatch::Http::Parameters::ParseError (Error occurred while parsing request parameters):
  
app/controllers/customers_controller.rb:15:in `user_params'
app/controllers/customers_controller.rb:4:in `register'
Started POST "/customer/register" for 127.0.0.1 at 2023-08-20 00:05:39 +0300
Processing by CustomersController#register as */*
  Parameters: {"username"=>"Ian Kamau", "email"=>"kian99564@gmail.com", "phone_number"=>"0704412004", "password"=>"[FILTERED]", "password_confirmation"=>"[FILTERED]", "customer"=>{"username"=>"Ian Kamau", "email"=>"kian99564@gmail.com", "phone_number"=>"0704412004"}}
[31mUnpermitted parameter: :customer. Context: { controller: CustomersController, action: register, request: #<ActionDispatch::Request:0x00007f41d8013738>, params: {"username"=>"Ian Kamau", "email"=>"kian99564@gmail.com", "phone_number"=>"0704412004", "password"=>"[FILTERED]", "password_confirmation"=>"[FILTERED]", "controller"=>"customers", "action"=>"register", "customer"=>{"username"=>"Ian Kamau", "email"=>"kian99564@gmail.com", "phone_number"=>"0704412004"}} }[0m
  [1m[36mTRANSACTION (0.1ms)[0m  [1m[36mbegin transaction[0m
  ↳ app/controllers/customers_controller.rb:4:in `register'
  [1m[36mCustomer Exists? (0.3ms)[0m  [1m[34mSELECT 1 AS one FROM "customers" WHERE "customers"."email" = ? LIMIT ?[0m  [["email", "kian99564@gmail.com"], ["LIMIT", 1]]
  ↳ app/controllers/customers_controller.rb:4:in `register'
  [1m[36mCustomer Create (0.3ms)[0m  [1m[32mINSERT INTO "customers" ("username", "email", "phone_number", "password_digest", "created_at", "updated_at") VALUES (?, ?, ?, ?, ?, ?)[0m  [["username", "Ian Kamau"], ["email", "kian99564@gmail.com"], ["phone_number", 704412004], ["password_digest", "[FILTERED]"], ["created_at", "2023-08-19 21:05:40.219266"], ["updated_at", "2023-08-19 21:05:40.219266"]]
  ↳ app/controllers/customers_controller.rb:4:in `register'
  [1m[36mTRANSACTION (14.1ms)[0m  [1m[36mcommit transaction[0m
  ↳ app/controllers/customers_controller.rb:4:in `register'
  [1m[36mCustomer Exists? (0.2ms)[0m  [1m[34mSELECT 1 AS one FROM "customers" WHERE "customers"."email" = ? AND "customers"."id" != ? LIMIT ?[0m  [["email", "kian99564@gmail.com"], ["id", 1], ["LIMIT", 1]]
  ↳ app/controllers/customers_controller.rb:5:in `register'
Completed 500 Internal Server Error in 354ms (ActiveRecord: 16.6ms | Allocations: 23166)


  
NoMethodError (undefined method `app_response' for #<CustomersController:0x00000000008ef8>):
  
app/controllers/customers_controller.rb:8:in `register'
Started POST "/customer/register" for 127.0.0.1 at 2023-08-20 00:05:57 +0300
Processing by CustomersController#register as */*
  Parameters: {"username"=>"Ian Kamau", "email"=>"kian99564@gmail.com", "phone_number"=>"0704412004", "password"=>"[FILTERED]", "password_confirmation"=>"[FILTERED]", "customer"=>{"username"=>"Ian Kamau", "email"=>"kian99564@gmail.com", "phone_number"=>"0704412004"}}
[31mUnpermitted parameter: :customer. Context: { controller: CustomersController, action: register, request: #<ActionDispatch::Request:0x00007f41e05dbe10>, params: {"username"=>"Ian Kamau", "email"=>"kian99564@gmail.com", "phone_number"=>"0704412004", "password"=>"[FILTERED]", "password_confirmation"=>"[FILTERED]", "controller"=>"customers", "action"=>"register", "customer"=>{"username"=>"Ian Kamau", "email"=>"kian99564@gmail.com", "phone_number"=>"0704412004"}} }[0m
  [1m[36mTRANSACTION (0.1ms)[0m  [1m[36mbegin transaction[0m
  ↳ app/controllers/customers_controller.rb:4:in `register'
  [1m[36mCustomer Exists? (0.3ms)[0m  [1m[34mSELECT 1 AS one FROM "customers" WHERE "customers"."email" = ? LIMIT ?[0m  [["email", "kian99564@gmail.com"], ["LIMIT", 1]]
  ↳ app/controllers/customers_controller.rb:4:in `register'
  [1m[36mTRANSACTION (0.1ms)[0m  [1m[31mrollback transaction[0m
  ↳ app/controllers/customers_controller.rb:4:in `register'
  [1m[36mCustomer Exists? (0.2ms)[0m  [1m[34mSELECT 1 AS one FROM "customers" WHERE "customers"."email" = ? LIMIT ?[0m  [["email", "kian99564@gmail.com"], ["LIMIT", 1]]
  ↳ app/controllers/customers_controller.rb:5:in `register'
Completed 204 No Content in 297ms (ActiveRecord: 1.8ms | Allocations: 4431)


  [1m[36mActiveRecord::SchemaMigration Pluck (0.1ms)[0m  [1m[34mSELECT "schema_migrations"."version" FROM "schema_migrations" ORDER BY "schema_migrations"."version" ASC[0m
  [1m[36mActiveRecord::InternalMetadata Pluck (0.1ms)[0m  [1m[34mSELECT "ar_internal_metadata"."value" FROM "ar_internal_metadata" WHERE "ar_internal_metadata"."key" = ? LIMIT ?[0m  [["key", "environment"], ["LIMIT", 1]]
  [1m[36mActiveRecord::SchemaMigration Pluck (0.1ms)[0m  [1m[34mSELECT "schema_migrations"."version" FROM "schema_migrations" ORDER BY "schema_migrations"."version" ASC[0m
  [1m[36mActiveRecord::InternalMetadata Pluck (0.1ms)[0m  [1m[34mSELECT "ar_internal_metadata"."value" FROM "ar_internal_metadata" WHERE "ar_internal_metadata"."key" = ? LIMIT ?[0m  [["key", "environment"], ["LIMIT", 1]]
  [1m[36mActiveRecord::SchemaMigration Pluck (0.1ms)[0m  [1m[34mSELECT "schema_migrations"."version" FROM "schema_migrations" ORDER BY "schema_migrations"."version" ASC[0m
  [1m[36mActiveRecord::InternalMetadata Pluck (0.1ms)[0m  [1m[34mSELECT "ar_internal_metadata"."value" FROM "ar_internal_metadata" WHERE "ar_internal_metadata"."key" = ? LIMIT ?[0m  [["key", "environment"], ["LIMIT", 1]]
  [1m[35m (0.1ms)[0m  [1m[35mDROP TABLE IF EXISTS "active_storage_attachments"[0m
  [1m[35m (16.6ms)[0m  [1m[35mCREATE TABLE "active_storage_attachments" ("id" integer PRIMARY KEY AUTOINCREMENT NOT NULL, "name" varchar NOT NULL, "record_type" varchar NOT NULL, "record_id" bigint NOT NULL, "blob_id" bigint NOT NULL, "created_at" datetime(6) NOT NULL)[0m
  [1m[35m (13.0ms)[0m  [1m[35mCREATE INDEX "index_active_storage_attachments_on_blob_id" ON "active_storage_attachments" ("blob_id")[0m
  [1m[35m (14.8ms)[0m  [1m[35mCREATE UNIQUE INDEX "index_active_storage_attachments_uniqueness" ON "active_storage_attachments" ("record_type", "record_id", "name", "blob_id")[0m
  [1m[35m (0.1ms)[0m  [1m[35mDROP TABLE IF EXISTS "active_storage_blobs"[0m
  [1m[35m (17.0ms)[0m  [1m[35mCREATE TABLE "active_storage_blobs" ("id" integer PRIMARY KEY AUTOINCREMENT NOT NULL, "key" varchar NOT NULL, "filename" varchar NOT NULL, "content_type" varchar, "metadata" text, "service_name" varchar NOT NULL, "byte_size" bigint NOT NULL, "checksum" varchar, "created_at" datetime(6) NOT NULL)[0m
  [1m[35m (12.0ms)[0m  [1m[35mCREATE UNIQUE INDEX "index_active_storage_blobs_on_key" ON "active_storage_blobs" ("key")[0m
  [1m[35m (0.1ms)[0m  [1m[35mDROP TABLE IF EXISTS "active_storage_variant_records"[0m
  [1m[35m (15.1ms)[0m  [1m[35mCREATE TABLE "active_storage_variant_records" ("id" integer PRIMARY KEY AUTOINCREMENT NOT NULL, "blob_id" bigint NOT NULL, "variation_digest" varchar NOT NULL)[0m
  [1m[35m (15.0ms)[0m  [1m[35mCREATE UNIQUE INDEX "index_active_storage_variant_records_uniqueness" ON "active_storage_variant_records" ("blob_id", "variation_digest")[0m
  [1m[35m (0.1ms)[0m  [1m[35mDROP TABLE IF EXISTS "customers"[0m
  [1m[35m (12.1ms)[0m  [1m[35mCREATE TABLE "customers" ("id" integer PRIMARY KEY AUTOINCREMENT NOT NULL, "username" varchar, "email" varchar, "phone_number" integer, "password_digest" varchar, "created_at" datetime(6) NOT NULL, "updated_at" datetime(6) NOT NULL)[0m
  [1m[36mTRANSACTION (0.0ms)[0m  [1m[36mbegin transaction[0m
  [1m[35m (0.0ms)[0m  [1m[35mPRAGMA foreign_keys[0m
  [1m[35m (0.0ms)[0m  [1m[35mPRAGMA defer_foreign_keys[0m
  [1m[35m (0.0ms)[0m  [1m[35mPRAGMA defer_foreign_keys = ON[0m
  [1m[35m (0.0ms)[0m  [1m[35mPRAGMA foreign_keys = OFF[0m
  [1m[35m (0.2ms)[0m  [1m[35mCREATE TEMPORARY TABLE "aactive_storage_attachments" ("id" integer NOT NULL PRIMARY KEY, "name" varchar NOT NULL, "record_type" varchar NOT NULL, "record_id" integer NOT NULL, "blob_id" integer NOT NULL, "created_at" datetime(6) NOT NULL)[0m
  [1m[35m (0.2ms)[0m  [1m[35mCREATE UNIQUE INDEX "tindex_aactive_storage_attachments_uniqueness" ON "aactive_storage_attachments" ("record_type", "record_id", "name", "blob_id")[0m
  [1m[35m (0.1ms)[0m  [1m[35mCREATE INDEX "tindex_aactive_storage_attachments_on_blob_id" ON "aactive_storage_attachments" ("blob_id")[0m
  [1m[35m (0.1ms)[0m  [1m[32mINSERT INTO "aactive_storage_attachments" ("id","name","record_type","record_id","blob_id","created_at")
                     SELECT "id","name","record_type","record_id","blob_id","created_at" FROM "active_storage_attachments"[0m
  [1m[35m (0.4ms)[0m  [1m[35mDROP TABLE "active_storage_attachments"[0m
  [1m[35m (0.1ms)[0m  [1m[35mCREATE TABLE "active_storage_attachments" ("id" integer NOT NULL PRIMARY KEY, "name" varchar NOT NULL, "record_type" varchar NOT NULL, "record_id" integer NOT NULL, "blob_id" integer NOT NULL, "created_at" datetime(6) NOT NULL, CONSTRAINT "fk_rails_c3b3935057"
FOREIGN KEY ("blob_id")
  REFERENCES "active_storage_blobs" ("id")
)[0m
  [1m[35m (0.1ms)[0m  [1m[35mCREATE INDEX "index_active_storage_attachments_on_blob_id" ON "active_storage_attachments" ("blob_id")[0m
  [1m[35m (0.1ms)[0m  [1m[35mCREATE UNIQUE INDEX "index_active_storage_attachments_uniqueness" ON "active_storage_attachments" ("record_type", "record_id", "name", "blob_id")[0m
  [1m[35m (0.1ms)[0m  [1m[32mINSERT INTO "active_storage_attachments" ("id","name","record_type","record_id","blob_id","created_at")
                     SELECT "id","name","record_type","record_id","blob_id","created_at" FROM "aactive_storage_attachments"[0m
  [1m[35m (0.2ms)[0m  [1m[35mDROP TABLE "aactive_storage_attachments"[0m
  [1m[35m (0.0ms)[0m  [1m[35mPRAGMA defer_foreign_keys = 0[0m
  [1m[35m (0.0ms)[0m  [1m[35mPRAGMA foreign_keys = 1[0m
  [1m[36mTRANSACTION (14.0ms)[0m  [1m[36mcommit transaction[0m
  [1m[36mTRANSACTION (0.2ms)[0m  [1m[36mbegin transaction[0m
  [1m[35m (0.1ms)[0m  [1m[35mPRAGMA foreign_keys[0m
  [1m[35m (0.1ms)[0m  [1m[35mPRAGMA defer_foreign_keys[0m
  [1m[35m (0.0ms)[0m  [1m[35mPRAGMA defer_foreign_keys = ON[0m
  [1m[35m (0.0ms)[0m  [1m[35mPRAGMA foreign_keys = OFF[0m
  [1m[35m (0.1ms)[0m  [1m[35mCREATE TEMPORARY TABLE "aactive_storage_variant_records" ("id" integer NOT NULL PRIMARY KEY, "blob_id" integer NOT NULL, "variation_digest" varchar NOT NULL)[0m
  [1m[35m (0.1ms)[0m  [1m[35mCREATE UNIQUE INDEX "tindex_aactive_storage_variant_records_uniqueness" ON "aactive_storage_variant_records" ("blob_id", "variation_digest")[0m
  [1m[35m (0.1ms)[0m  [1m[32mINSERT INTO "aactive_storage_variant_records" ("id","blob_id","variation_digest")
                     SELECT "id","blob_id","variation_digest" FROM "active_storage_variant_records"[0m
  [1m[35m (0.3ms)[0m  [1m[35mDROP TABLE "active_storage_variant_records"[0m
  [1m[35m (0.1ms)[0m  [1m[35mCREATE TABLE "active_storage_variant_records" ("id" integer NOT NULL PRIMARY KEY, "blob_id" integer NOT NULL, "variation_digest" varchar NOT NULL, CONSTRAINT "fk_rails_993965df05"
FOREIGN KEY ("blob_id")
  REFERENCES "active_storage_blobs" ("id")
)[0m
  [1m[35m (0.1ms)[0m  [1m[35mCREATE UNIQUE INDEX "index_active_storage_variant_records_uniqueness" ON "active_storage_variant_records" ("blob_id", "variation_digest")[0m
  [1m[35m (0.1ms)[0m  [1m[32mINSERT INTO "active_storage_variant_records" ("id","blob_id","variation_digest")
                     SELECT "id","blob_id","variation_digest" FROM "aactive_storage_variant_records"[0m
  [1m[35m (0.2ms)[0m  [1m[35mDROP TABLE "aactive_storage_variant_records"[0m
  [1m[35m (0.0ms)[0m  [1m[35mPRAGMA defer_foreign_keys = 0[0m
  [1m[35m (0.0ms)[0m  [1m[35mPRAGMA foreign_keys = 1[0m
  [1m[36mTRANSACTION (8.2ms)[0m  [1m[36mcommit transaction[0m
  [1m[35m (16.4ms)[0m  [1m[35mCREATE TABLE "schema_migrations" ("version" varchar NOT NULL PRIMARY KEY)[0m
  [1m[36mActiveRecord::SchemaMigration Pluck (0.1ms)[0m  [1m[34mSELECT "schema_migrations"."version" FROM "schema_migrations" ORDER BY "schema_migrations"."version" ASC[0m
  [1m[35m (9.7ms)[0m  [1m[32mINSERT INTO "schema_migrations" (version) VALUES (20230819200133)[0m
  [1m[35m (13.0ms)[0m  [1m[32mINSERT INTO "schema_migrations" (version) VALUES
(20230819195113);

[0m
  [1m[35m (13.4ms)[0m  [1m[35mCREATE TABLE "ar_internal_metadata" ("key" varchar NOT NULL PRIMARY KEY, "value" varchar, "created_at" datetime(6) NOT NULL, "updated_at" datetime(6) NOT NULL)[0m
  [1m[36mActiveRecord::InternalMetadata Load (0.2ms)[0m  [1m[34mSELECT "ar_internal_metadata".* FROM "ar_internal_metadata" WHERE "ar_internal_metadata"."key" = ? LIMIT ?[0m  [["key", "environment"], ["LIMIT", 1]]
  [1m[36mTRANSACTION (0.1ms)[0m  [1m[36mbegin transaction[0m
  [1m[36mActiveRecord::InternalMetadata Create (0.2ms)[0m  [1m[32mINSERT INTO "ar_internal_metadata" ("key", "value", "created_at", "updated_at") VALUES (?, ?, ?, ?)[0m  [["key", "environment"], ["value", "development"], ["created_at", "2023-08-19 21:06:25.190337"], ["updated_at", "2023-08-19 21:06:25.190337"]]
  [1m[36mTRANSACTION (11.3ms)[0m  [1m[36mcommit transaction[0m
  [1m[36mActiveRecord::InternalMetadata Load (0.1ms)[0m  [1m[34mSELECT "ar_internal_metadata".* FROM "ar_internal_metadata" WHERE "ar_internal_metadata"."key" = ? LIMIT ?[0m  [["key", "environment"], ["LIMIT", 1]]
  [1m[36mActiveRecord::InternalMetadata Load (0.1ms)[0m  [1m[34mSELECT "ar_internal_metadata".* FROM "ar_internal_metadata" WHERE "ar_internal_metadata"."key" = ? LIMIT ?[0m  [["key", "schema_sha1"], ["LIMIT", 1]]
  [1m[36mTRANSACTION (0.1ms)[0m  [1m[36mbegin transaction[0m
  [1m[36mActiveRecord::InternalMetadata Create (0.2ms)[0m  [1m[32mINSERT INTO "ar_internal_metadata" ("key", "value", "created_at", "updated_at") VALUES (?, ?, ?, ?)[0m  [["key", "schema_sha1"], ["value", "927fcd61cc3559356eb5b3badba29bc4e9cefe99"], ["created_at", "2023-08-19 21:06:25.208156"], ["updated_at", "2023-08-19 21:06:25.208156"]]
  [1m[36mTRANSACTION (11.2ms)[0m  [1m[36mcommit transaction[0m
  [1m[35m (0.1ms)[0m  [1m[35mDROP TABLE IF EXISTS "active_storage_attachments"[0m
  [1m[35m (13.7ms)[0m  [1m[35mCREATE TABLE "active_storage_attachments" ("id" integer PRIMARY KEY AUTOINCREMENT NOT NULL, "name" varchar NOT NULL, "record_type" varchar NOT NULL, "record_id" bigint NOT NULL, "blob_id" bigint NOT NULL, "created_at" datetime(6) NOT NULL)[0m
  [1m[35m (16.2ms)[0m  [1m[35mCREATE INDEX "index_active_storage_attachments_on_blob_id" ON "active_storage_attachments" ("blob_id")[0m
  [1m[35m (11.9ms)[0m  [1m[35mCREATE UNIQUE INDEX "index_active_storage_attachments_uniqueness" ON "active_storage_attachments" ("record_type", "record_id", "name", "blob_id")[0m
  [1m[35m (0.1ms)[0m  [1m[35mDROP TABLE IF EXISTS "active_storage_blobs"[0m
  [1m[35m (15.1ms)[0m  [1m[35mCREATE TABLE "active_storage_blobs" ("id" integer PRIMARY KEY AUTOINCREMENT NOT NULL, "key" varchar NOT NULL, "filename" varchar NOT NULL, "content_type" varchar, "metadata" text, "service_name" varchar NOT NULL, "byte_size" bigint NOT NULL, "checksum" varchar, "created_at" datetime(6) NOT NULL)[0m
  [1m[35m (14.8ms)[0m  [1m[35mCREATE UNIQUE INDEX "index_active_storage_blobs_on_key" ON "active_storage_blobs" ("key")[0m
  [1m[35m (0.1ms)[0m  [1m[35mDROP TABLE IF EXISTS "active_storage_variant_records"[0m
  [1m[35m (12.3ms)[0m  [1m[35mCREATE TABLE "active_storage_variant_records" ("id" integer PRIMARY KEY AUTOINCREMENT NOT NULL, "blob_id" bigint NOT NULL, "variation_digest" varchar NOT NULL)[0m
  [1m[35m (17.1ms)[0m  [1m[35mCREATE UNIQUE INDEX "index_active_storage_variant_records_uniqueness" ON "active_storage_variant_records" ("blob_id", "variation_digest")[0m
  [1m[35m (0.1ms)[0m  [1m[35mDROP TABLE IF EXISTS "customers"[0m
  [1m[35m (14.4ms)[0m  [1m[35mCREATE TABLE "customers" ("id" integer PRIMARY KEY AUTOINCREMENT NOT NULL, "username" varchar, "email" varchar, "phone_number" integer, "password_digest" varchar, "created_at" datetime(6) NOT NULL, "updated_at" datetime(6) NOT NULL)[0m
  [1m[36mTRANSACTION (0.0ms)[0m  [1m[36mbegin transaction[0m
  [1m[35m (0.0ms)[0m  [1m[35mPRAGMA foreign_keys[0m
  [1m[35m (0.0ms)[0m  [1m[35mPRAGMA defer_foreign_keys[0m
  [1m[35m (0.0ms)[0m  [1m[35mPRAGMA defer_foreign_keys = ON[0m
  [1m[35m (0.0ms)[0m  [1m[35mPRAGMA foreign_keys = OFF[0m
  [1m[35m (0.1ms)[0m  [1m[35mCREATE TEMPORARY TABLE "aactive_storage_attachments" ("id" integer NOT NULL PRIMARY KEY, "name" varchar NOT NULL, "record_type" varchar NOT NULL, "record_id" integer NOT NULL, "blob_id" integer NOT NULL, "created_at" datetime(6) NOT NULL)[0m
  [1m[35m (0.1ms)[0m  [1m[35mCREATE UNIQUE INDEX "tindex_aactive_storage_attachments_uniqueness" ON "aactive_storage_attachments" ("record_type", "record_id", "name", "blob_id")[0m
  [1m[35m (0.1ms)[0m  [1m[35mCREATE INDEX "tindex_aactive_storage_attachments_on_blob_id" ON "aactive_storage_attachments" ("blob_id")[0m
  [1m[35m (0.1ms)[0m  [1m[32mINSERT INTO "aactive_storage_attachments" ("id","name","record_type","record_id","blob_id","created_at")
                     SELECT "id","name","record_type","record_id","blob_id","created_at" FROM "active_storage_attachments"[0m
  [1m[35m (0.3ms)[0m  [1m[35mDROP TABLE "active_storage_attachments"[0m
  [1m[35m (0.1ms)[0m  [1m[35mCREATE TABLE "active_storage_attachments" ("id" integer NOT NULL PRIMARY KEY, "name" varchar NOT NULL, "record_type" varchar NOT NULL, "record_id" integer NOT NULL, "blob_id" integer NOT NULL, "created_at" datetime(6) NOT NULL, CONSTRAINT "fk_rails_c3b3935057"
FOREIGN KEY ("blob_id")
  REFERENCES "active_storage_blobs" ("id")
)[0m
  [1m[35m (0.1ms)[0m  [1m[35mCREATE INDEX "index_active_storage_attachments_on_blob_id" ON "active_storage_attachments" ("blob_id")[0m
  [1m[35m (0.1ms)[0m  [1m[35mCREATE UNIQUE INDEX "index_active_storage_attachments_uniqueness" ON "active_storage_attachments" ("record_type", "record_id", "name", "blob_id")[0m
  [1m[35m (0.1ms)[0m  [1m[32mINSERT INTO "active_storage_attachments" ("id","name","record_type","record_id","blob_id","created_at")
                     SELECT "id","name","record_type","record_id","blob_id","created_at" FROM "aactive_storage_attachments"[0m
  [1m[35m (0.2ms)[0m  [1m[35mDROP TABLE "aactive_storage_attachments"[0m
  [1m[35m (0.0ms)[0m  [1m[35mPRAGMA defer_foreign_keys = 0[0m
  [1m[35m (0.0ms)[0m  [1m[35mPRAGMA foreign_keys = 1[0m
  [1m[36mTRANSACTION (11.4ms)[0m  [1m[36mcommit transaction[0m
  [1m[36mTRANSACTION (0.0ms)[0m  [1m[36mbegin transaction[0m
  [1m[35m (0.0ms)[0m  [1m[35mPRAGMA foreign_keys[0m
  [1m[35m (0.0ms)[0m  [1m[35mPRAGMA defer_foreign_keys[0m
  [1m[35m (0.0ms)[0m  [1m[35mPRAGMA defer_foreign_keys = ON[0m
  [1m[35m (0.0ms)[0m  [1m[35mPRAGMA foreign_keys = OFF[0m
  [1m[35m (0.1ms)[0m  [1m[35mCREATE TEMPORARY TABLE "aactive_storage_variant_records" ("id" integer NOT NULL PRIMARY KEY, "blob_id" integer NOT NULL, "variation_digest" varchar NOT NULL)[0m
  [1m[35m (0.1ms)[0m  [1m[35mCREATE UNIQUE INDEX "tindex_aactive_storage_variant_records_uniqueness" ON "aactive_storage_variant_records" ("blob_id", "variation_digest")[0m
  [1m[35m (0.1ms)[0m  [1m[32mINSERT INTO "aactive_storage_variant_records" ("id","blob_id","variation_digest")
                     SELECT "id","blob_id","variation_digest" FROM "active_storage_variant_records"[0m
  [1m[35m (0.3ms)[0m  [1m[35mDROP TABLE "active_storage_variant_records"[0m
  [1m[35m (0.2ms)[0m  [1m[35mCREATE TABLE "active_storage_variant_records" ("id" integer NOT NULL PRIMARY KEY, "blob_id" integer NOT NULL, "variation_digest" varchar NOT NULL, CONSTRAINT "fk_rails_993965df05"
FOREIGN KEY ("blob_id")
  REFERENCES "active_storage_blobs" ("id")
)[0m
  [1m[35m (0.2ms)[0m  [1m[35mCREATE UNIQUE INDEX "index_active_storage_variant_records_uniqueness" ON "active_storage_variant_records" ("blob_id", "variation_digest")[0m
  [1m[35m (0.1ms)[0m  [1m[32mINSERT INTO "active_storage_variant_records" ("id","blob_id","variation_digest")
                     SELECT "id","blob_id","variation_digest" FROM "aactive_storage_variant_records"[0m
  [1m[35m (0.2ms)[0m  [1m[35mDROP TABLE "aactive_storage_variant_records"[0m
  [1m[35m (0.0ms)[0m  [1m[35mPRAGMA defer_foreign_keys = 0[0m
  [1m[35m (0.0ms)[0m  [1m[35mPRAGMA foreign_keys = 1[0m
  [1m[36mTRANSACTION (11.2ms)[0m  [1m[36mcommit transaction[0m
  [1m[35m (13.6ms)[0m  [1m[35mCREATE TABLE "schema_migrations" ("version" varchar NOT NULL PRIMARY KEY)[0m
  [1m[36mActiveRecord::SchemaMigration Pluck (0.1ms)[0m  [1m[34mSELECT "schema_migrations"."version" FROM "schema_migrations" ORDER BY "schema_migrations"."version" ASC[0m
  [1m[35m (12.8ms)[0m  [1m[32mINSERT INTO "schema_migrations" (version) VALUES (20230819200133)[0m
  [1m[35m (9.9ms)[0m  [1m[32mINSERT INTO "schema_migrations" (version) VALUES
(20230819195113);

[0m
  [1m[35m (16.6ms)[0m  [1m[35mCREATE TABLE "ar_internal_metadata" ("key" varchar NOT NULL PRIMARY KEY, "value" varchar, "created_at" datetime(6) NOT NULL, "updated_at" datetime(6) NOT NULL)[0m
  [1m[36mActiveRecord::InternalMetadata Load (0.2ms)[0m  [1m[34mSELECT "ar_internal_metadata".* FROM "ar_internal_metadata" WHERE "ar_internal_metadata"."key" = ? LIMIT ?[0m  [["key", "environment"], ["LIMIT", 1]]
  [1m[36mTRANSACTION (0.0ms)[0m  [1m[36mbegin transaction[0m
  [1m[36mActiveRecord::InternalMetadata Create (0.2ms)[0m  [1m[32mINSERT INTO "ar_internal_metadata" ("key", "value", "created_at", "updated_at") VALUES (?, ?, ?, ?)[0m  [["key", "environment"], ["value", "development"], ["created_at", "2023-08-19 21:06:25.464091"], ["updated_at", "2023-08-19 21:06:25.464091"]]
  [1m[36mTRANSACTION (8.7ms)[0m  [1m[36mcommit transaction[0m
  [1m[36mActiveRecord::InternalMetadata Load (0.1ms)[0m  [1m[34mSELECT "ar_internal_metadata".* FROM "ar_internal_metadata" WHERE "ar_internal_metadata"."key" = ? LIMIT ?[0m  [["key", "environment"], ["LIMIT", 1]]
  [1m[36mTRANSACTION (0.0ms)[0m  [1m[36mbegin transaction[0m
  [1m[36mActiveRecord::InternalMetadata Update (0.2ms)[0m  [1m[33mUPDATE "ar_internal_metadata" SET "value" = ?, "updated_at" = ? WHERE "ar_internal_metadata"."key" = ?[0m  [["value", "test"], ["updated_at", "2023-08-19 21:06:25.477860"], ["key", "environment"]]
  [1m[36mTRANSACTION (13.7ms)[0m  [1m[36mcommit transaction[0m
  [1m[36mActiveRecord::InternalMetadata Load (0.2ms)[0m  [1m[34mSELECT "ar_internal_metadata".* FROM "ar_internal_metadata" WHERE "ar_internal_metadata"."key" = ? LIMIT ?[0m  [["key", "schema_sha1"], ["LIMIT", 1]]
  [1m[36mTRANSACTION (0.1ms)[0m  [1m[36mbegin transaction[0m
  [1m[36mActiveRecord::InternalMetadata Create (0.3ms)[0m  [1m[32mINSERT INTO "ar_internal_metadata" ("key", "value", "created_at", "updated_at") VALUES (?, ?, ?, ?)[0m  [["key", "schema_sha1"], ["value", "927fcd61cc3559356eb5b3badba29bc4e9cefe99"], ["created_at", "2023-08-19 21:06:25.498840"], ["updated_at", "2023-08-19 21:06:25.498840"]]
  [1m[36mTRANSACTION (8.4ms)[0m  [1m[36mcommit transaction[0m
  [1m[36mActiveRecord::SchemaMigration Pluck (0.1ms)[0m  [1m[34mSELECT "schema_migrations"."version" FROM "schema_migrations" ORDER BY "schema_migrations"."version" ASC[0m
Started POST "/customer/register" for 127.0.0.1 at 2023-08-20 00:08:04 +0300
  [1m[36mActiveRecord::SchemaMigration Pluck (0.4ms)[0m  [1m[34mSELECT "schema_migrations"."version" FROM "schema_migrations" ORDER BY "schema_migrations"."version" ASC[0m
Processing by CustomersController#register as */*
  Parameters: {"username"=>"Ian Kamau", "email"=>"kian99564@gmail.com", "phone_number"=>"0704412004", "password"=>"[FILTERED]", "password_confirmation"=>"[FILTERED]", "customer"=>{"username"=>"Ian Kamau", "email"=>"kian99564@gmail.com", "phone_number"=>"0704412004"}}
[31mUnpermitted parameter: :customer. Context: { controller: CustomersController, action: register, request: #<ActionDispatch::Request:0x00007fedc8c05950>, params: {"username"=>"Ian Kamau", "email"=>"kian99564@gmail.com", "phone_number"=>"0704412004", "password"=>"[FILTERED]", "password_confirmation"=>"[FILTERED]", "controller"=>"customers", "action"=>"register", "customer"=>{"username"=>"Ian Kamau", "email"=>"kian99564@gmail.com", "phone_number"=>"0704412004"}} }[0m
  [1m[36mTRANSACTION (0.1ms)[0m  [1m[36mbegin transaction[0m
  ↳ app/controllers/customers_controller.rb:4:in `register'
  [1m[36mCustomer Exists? (0.3ms)[0m  [1m[34mSELECT 1 AS one FROM "customers" WHERE "customers"."email" = ? LIMIT ?[0m  [["email", "kian99564@gmail.com"], ["LIMIT", 1]]
  ↳ app/controllers/customers_controller.rb:4:in `register'
  [1m[36mCustomer Create (0.4ms)[0m  [1m[32mINSERT INTO "customers" ("username", "email", "phone_number", "password_digest", "created_at", "updated_at") VALUES (?, ?, ?, ?, ?, ?)[0m  [["username", "Ian Kamau"], ["email", "kian99564@gmail.com"], ["phone_number", 704412004], ["password_digest", "[FILTERED]"], ["created_at", "2023-08-19 21:08:05.123680"], ["updated_at", "2023-08-19 21:08:05.123680"]]
  ↳ app/controllers/customers_controller.rb:4:in `register'
  [1m[36mTRANSACTION (14.8ms)[0m  [1m[36mcommit transaction[0m
  ↳ app/controllers/customers_controller.rb:4:in `register'
  [1m[36mCustomer Exists? (0.2ms)[0m  [1m[34mSELECT 1 AS one FROM "customers" WHERE "customers"."email" = ? AND "customers"."id" != ? LIMIT ?[0m  [["email", "kian99564@gmail.com"], ["id", 1], ["LIMIT", 1]]
  ↳ app/controllers/customers_controller.rb:5:in `register'
Completed 201 Created in 398ms (Views: 0.8ms | ActiveRecord: 16.7ms | Allocations: 40227)


Started POST "/customer/login" for 127.0.0.1 at 2023-08-20 00:48:09 +0300
  
SyntaxError (/home/mose/Videos/videos/Mill Auto/mill-autos-backend/app/controllers/customers_controller.rb:15: syntax error, unexpected ',', expecting =>
... Customer.where(sql, {username, user_params[:username], emai...
...                              ^
/home/mose/Videos/videos/Mill Auto/mill-autos-backend/app/controllers/customers_controller.rb:15: syntax error, unexpected tLABEL, expecting '='
... user_params[:username], email: user_params[:email]}).first
...                         ^~~~~~
/home/mose/Videos/videos/Mill Auto/mill-autos-backend/app/controllers/customers_controller.rb:15: syntax error, unexpected '}', expecting `end'
...e], email: user_params[:email]}).first
...                              ^
):
  
app/controllers/customers_controller.rb:15: syntax error, unexpected ',', expecting =>
app/controllers/customers_controller.rb:15: syntax error, unexpected tLABEL, expecting '='
app/controllers/customers_controller.rb:15: syntax error, unexpected '}', expecting `end'
app/controllers/customers_controller.rb:15: syntax error, unexpected ',', expecting =>
app/controllers/customers_controller.rb:15: syntax error, unexpected tLABEL, expecting '='
app/controllers/customers_controller.rb:15: syntax error, unexpected '}', expecting `end'
Started POST "/customer/login" for 127.0.0.1 at 2023-08-20 00:49:05 +0300
  [1m[36mActiveRecord::SchemaMigration Pluck (0.2ms)[0m  [1m[34mSELECT "schema_migrations"."version" FROM "schema_migrations" ORDER BY "schema_migrations"."version" ASC[0m
Processing by CustomersController#login as */*
  Parameters: {"username"=>"Ian Kamau", "email"=>"kian99564@gmail.com", "phone_number"=>"0704412004", "password"=>"[FILTERED]", "password_confirmation"=>"[FILTERED]", "customer"=>{"username"=>"Ian Kamau", "email"=>"kian99564@gmail.com", "phone_number"=>"0704412004"}}
[31mUnpermitted parameter: :customer. Context: { controller: CustomersController, action: login, request: #<ActionDispatch::Request:0x00007f8250bb3620>, params: {"username"=>"Ian Kamau", "email"=>"kian99564@gmail.com", "phone_number"=>"0704412004", "password"=>"[FILTERED]", "password_confirmation"=>"[FILTERED]", "controller"=>"customers", "action"=>"login", "customer"=>{"username"=>"Ian Kamau", "email"=>"kian99564@gmail.com", "phone_number"=>"0704412004"}} }[0m
[31mUnpermitted parameter: :customer. Context: { controller: CustomersController, action: login, request: #<ActionDispatch::Request:0x00007f8250bb3620>, params: {"username"=>"Ian Kamau", "email"=>"kian99564@gmail.com", "phone_number"=>"0704412004", "password"=>"[FILTERED]", "password_confirmation"=>"[FILTERED]", "controller"=>"customers", "action"=>"login", "customer"=>{"username"=>"Ian Kamau", "email"=>"kian99564@gmail.com", "phone_number"=>"0704412004"}} }[0m
  [1m[36mCustomer Load (0.2ms)[0m  [1m[34mSELECT "customers".* FROM "customers" WHERE (username = 'Ian Kamau') ORDER BY "customers"."id" ASC LIMIT ?[0m  [["LIMIT", 1]]
  ↳ app/controllers/customers_controller.rb:16:in `login'
[31mUnpermitted parameter: :customer. Context: { controller: CustomersController, action: login, request: #<ActionDispatch::Request:0x00007f8250bb3620>, params: {"username"=>"Ian Kamau", "email"=>"kian99564@gmail.com", "phone_number"=>"0704412004", "password"=>"[FILTERED]", "password_confirmation"=>"[FILTERED]", "controller"=>"customers", "action"=>"login", "customer"=>{"username"=>"Ian Kamau", "email"=>"kian99564@gmail.com", "phone_number"=>"0704412004"}} }[0m
Completed 200 OK in 326ms (Views: 0.3ms | ActiveRecord: 0.9ms | Allocations: 37545)


Started POST "/customer/login" for 127.0.0.1 at 2023-08-20 00:52:43 +0300
Processing by CustomersController#login as */*
  Parameters: {"username"=>"Ian Kamau", "email"=>"kian99564@gmail.com", "phone_number"=>"0704412004", "password"=>"[FILTERED]", "password_confirmation"=>"[FILTERED]", "customer"=>{"username"=>"Ian Kamau", "email"=>"kian99564@gmail.com", "phone_number"=>"0704412004"}}
[31mUnpermitted parameter: :customer. Context: { controller: CustomersController, action: login, request: #<ActionDispatch::Request:0x00007f82508bf4f0>, params: {"username"=>"Ian Kamau", "email"=>"kian99564@gmail.com", "phone_number"=>"0704412004", "password"=>"[FILTERED]", "password_confirmation"=>"[FILTERED]", "controller"=>"customers", "action"=>"login", "customer"=>{"username"=>"Ian Kamau", "email"=>"kian99564@gmail.com", "phone_number"=>"0704412004"}} }[0m
[31mUnpermitted parameter: :customer. Context: { controller: CustomersController, action: login, request: #<ActionDispatch::Request:0x00007f82508bf4f0>, params: {"username"=>"Ian Kamau", "email"=>"kian99564@gmail.com", "phone_number"=>"0704412004", "password"=>"[FILTERED]", "password_confirmation"=>"[FILTERED]", "controller"=>"customers", "action"=>"login", "customer"=>{"username"=>"Ian Kamau", "email"=>"kian99564@gmail.com", "phone_number"=>"0704412004"}} }[0m
  [1m[36mCustomer Load (0.2ms)[0m  [1m[34mSELECT "customers".* FROM "customers" WHERE (username = 'Ian Kamau') ORDER BY "customers"."id" ASC LIMIT ?[0m  [["LIMIT", 1]]
  ↳ app/controllers/customers_controller.rb:16:in `login'
[31mUnpermitted parameter: :customer. Context: { controller: CustomersController, action: login, request: #<ActionDispatch::Request:0x00007f82508bf4f0>, params: {"username"=>"Ian Kamau", "email"=>"kian99564@gmail.com", "phone_number"=>"0704412004", "password"=>"[FILTERED]", "password_confirmation"=>"[FILTERED]", "controller"=>"customers", "action"=>"login", "customer"=>{"username"=>"Ian Kamau", "email"=>"kian99564@gmail.com", "phone_number"=>"0704412004"}} }[0m
Completed 200 OK in 295ms (Views: 0.4ms | ActiveRecord: 0.2ms | Allocations: 1330)


Started POST "/customer/login" for 127.0.0.1 at 2023-08-20 00:52:46 +0300
Processing by CustomersController#login as */*
  Parameters: {"username"=>"Ian Kamau", "email"=>"kian99564@gmail.com", "phone_number"=>"0704412004", "password"=>"[FILTERED]", "password_confirmation"=>"[FILTERED]", "customer"=>{"username"=>"Ian Kamau", "email"=>"kian99564@gmail.com", "phone_number"=>"0704412004"}}
[31mUnpermitted parameter: :customer. Context: { controller: CustomersController, action: login, request: #<ActionDispatch::Request:0x00007f8248038258>, params: {"username"=>"Ian Kamau", "email"=>"kian99564@gmail.com", "phone_number"=>"0704412004", "password"=>"[FILTERED]", "password_confirmation"=>"[FILTERED]", "controller"=>"customers", "action"=>"login", "customer"=>{"username"=>"Ian Kamau", "email"=>"kian99564@gmail.com", "phone_number"=>"0704412004"}} }[0m
[31mUnpermitted parameter: :customer. Context: { controller: CustomersController, action: login, request: #<ActionDispatch::Request:0x00007f8248038258>, params: {"username"=>"Ian Kamau", "email"=>"kian99564@gmail.com", "phone_number"=>"0704412004", "password"=>"[FILTERED]", "password_confirmation"=>"[FILTERED]", "controller"=>"customers", "action"=>"login", "customer"=>{"username"=>"Ian Kamau", "email"=>"kian99564@gmail.com", "phone_number"=>"0704412004"}} }[0m
  [1m[36mCustomer Load (0.3ms)[0m  [1m[34mSELECT "customers".* FROM "customers" WHERE (username = 'Ian Kamau') ORDER BY "customers"."id" ASC LIMIT ?[0m  [["LIMIT", 1]]
  ↳ app/controllers/customers_controller.rb:16:in `login'
[31mUnpermitted parameter: :customer. Context: { controller: CustomersController, action: login, request: #<ActionDispatch::Request:0x00007f8248038258>, params: {"username"=>"Ian Kamau", "email"=>"kian99564@gmail.com", "phone_number"=>"0704412004", "password"=>"[FILTERED]", "password_confirmation"=>"[FILTERED]", "controller"=>"customers", "action"=>"login", "customer"=>{"username"=>"Ian Kamau", "email"=>"kian99564@gmail.com", "phone_number"=>"0704412004"}} }[0m
Completed 200 OK in 292ms (Views: 0.2ms | ActiveRecord: 0.3ms | Allocations: 1332)


Started POST "/customer/login" for 127.0.0.1 at 2023-08-20 00:52:48 +0300
Processing by CustomersController#login as */*
  Parameters: {"username"=>"Ian Kamau", "email"=>"kian99564@gmail.com", "phone_number"=>"0704412004", "password"=>"[FILTERED]", "password_confirmation"=>"[FILTERED]", "customer"=>{"username"=>"Ian Kamau", "email"=>"kian99564@gmail.com", "phone_number"=>"0704412004"}}
[31mUnpermitted parameter: :customer. Context: { controller: CustomersController, action: login, request: #<ActionDispatch::Request:0x00007f8260b37740>, params: {"username"=>"Ian Kamau", "email"=>"kian99564@gmail.com", "phone_number"=>"0704412004", "password"=>"[FILTERED]", "password_confirmation"=>"[FILTERED]", "controller"=>"customers", "action"=>"login", "customer"=>{"username"=>"Ian Kamau", "email"=>"kian99564@gmail.com", "phone_number"=>"0704412004"}} }[0m
[31mUnpermitted parameter: :customer. Context: { controller: CustomersController, action: login, request: #<ActionDispatch::Request:0x00007f8260b37740>, params: {"username"=>"Ian Kamau", "email"=>"kian99564@gmail.com", "phone_number"=>"0704412004", "password"=>"[FILTERED]", "password_confirmation"=>"[FILTERED]", "controller"=>"customers", "action"=>"login", "customer"=>{"username"=>"Ian Kamau", "email"=>"kian99564@gmail.com", "phone_number"=>"0704412004"}} }[0m
  [1m[36mCustomer Load (0.3ms)[0m  [1m[34mSELECT "customers".* FROM "customers" WHERE (username = 'Ian Kamau') ORDER BY "customers"."id" ASC LIMIT ?[0m  [["LIMIT", 1]]
  ↳ app/controllers/customers_controller.rb:16:in `login'
[31mUnpermitted parameter: :customer. Context: { controller: CustomersController, action: login, request: #<ActionDispatch::Request:0x00007f8260b37740>, params: {"username"=>"Ian Kamau", "email"=>"kian99564@gmail.com", "phone_number"=>"0704412004", "password"=>"[FILTERED]", "password_confirmation"=>"[FILTERED]", "controller"=>"customers", "action"=>"login", "customer"=>{"username"=>"Ian Kamau", "email"=>"kian99564@gmail.com", "phone_number"=>"0704412004"}} }[0m
Completed 200 OK in 293ms (Views: 0.2ms | ActiveRecord: 0.3ms | Allocations: 1328)


